#
# There is insufficient memory for the Java Runtime Environment to continue.
# Native memory allocation (mmap) failed to map 266338304 bytes for G1 virtual space
# Possible reasons:
#   The system is out of physical RAM or swap space
#   The process is running with CompressedOops enabled, and the Java Heap may be blocking the growth of the native heap
# Possible solutions:
#   Reduce memory load on the system
#   Increase physical memory or swap space
#   Check if swap backing store is full
#   Decrease Java heap size (-Xmx/-Xms)
#   Decrease number of Java threads
#   Decrease Java thread stack sizes (-Xss)
#   Set larger code cache with -XX:ReservedCodeCacheSize=
#   JVM is running with Zero Based Compressed Oops mode in which the Java heap is
#     placed in the first 32GB address space. The Java Heap base address is the
#     maximum limit for the native heap growth. Please use -XX:HeapBaseMinAddress
#     to set the Java Heap base and to place the Java Heap above 32GB virtual address.
# This output file may be truncated or incomplete.
#
#  Out of Memory Error (os_windows.cpp:3527), pid=4592, tid=10884
#
# JRE version:  (19.0+36) (build )
# Java VM: Java HotSpot(TM) 64-Bit Server VM (19+36-2238, mixed mode, sharing, tiered, compressed oops, compressed class ptrs, g1 gc, windows-amd64)
# No core dump will be written. Minidumps are not enabled by default on client versions of Windows
#

---------------  S U M M A R Y ------------

Command Line: -javaagent:C:\Program Files\JetBrains\IntelliJ IDEA Community Edition 2022.2.2\lib\idea_rt.jar=55570:C:\Program Files\JetBrains\IntelliJ IDEA Community Edition 2022.2.2\bin -Dfile.encoding=UTF-8 -Dsun.stdout.encoding=UTF-8 -Dsun.stderr.encoding=UTF-8 Main

Host: Intel(R) Core(TM) i7-10750H CPU @ 2.60GHz, 12 cores, 15G,  Windows 10 , 64 bit Build 19041 (10.0.19041.1889)
Time: Sun Oct  2 01:20:30 2022 Türkiye Standart Saati elapsed time: 0.018381 seconds (0d 0h 0m 0s)

---------------  T H R E A D  ---------------

Current thread (0x00000200354de270):  JavaThread "Unknown thread" [_thread_in_vm, id=10884, stack(0x000000dcc0100000,0x000000dcc0200000)]

Stack: [0x000000dcc0100000,0x000000dcc0200000]
Native frames: (J=compiled Java code, j=interpreted, Vv=VM code, C=native code)
V  [jvm.dll+0x6ee8fa]
V  [jvm.dll+0x857a1e]
V  [jvm.dll+0x85940e]
V  [jvm.dll+0x859ac3]
V  [jvm.dll+0x28291f]
V  [jvm.dll+0x6eb6e9]
V  [jvm.dll+0x6e028a]
V  [jvm.dll+0x357136]
V  [jvm.dll+0x35eb96]
V  [jvm.dll+0x3b555e]
V  [jvm.dll+0x3b578f]
V  [jvm.dll+0x32c6ea]
V  [jvm.dll+0x32d59e]
V  [jvm.dll+0x821b20]
V  [jvm.dll+0x3c27c1]
V  [jvm.dll+0x8022f1]
V  [jvm.dll+0x44b30f]
V  [jvm.dll+0x44cc91]
C  [jli.dll+0x5287]
C  [ucrtbase.dll+0x21bb2]
C  [KERNEL32.DLL+0x17034]
C  [ntdll.dll+0x526a1]


---------------  P R O C E S S  ---------------

Threads class SMR info:
_java_thread_list=0x00007ff883a3d048, length=0, elements={
}

Java Threads: ( => current thread )

Other Threads:
  0x000002003554d260 WorkerThread "GC Thread#0" [stack: 0x000000dcc0200000,0x000000dcc0300000] [id=13476]
  0x000002003555f0f0 ConcurrentGCThread "G1 Main Marker" [stack: 0x000000dcc0300000,0x000000dcc0400000] [id=13304]
  0x00000200355602c0 WorkerThread "G1 Conc#0" [stack: 0x000000dcc0400000,0x000000dcc0500000] [id=13704]

[error occurred during error reporting (printing all threads), id 0xc0000005, EXCEPTION_ACCESS_VIOLATION (0xc0000005) at pc=0x00007ff8831fd127]

VM state: not at safepoint (not fully initialized)

VM Mutex/Monitor currently owned by a thread:  ([mutex/lock_event])
[0x00000200354d9380] Heap_lock - owner thread: 0x00000200354de270

Heap address: 0x0000000702800000, size: 4056 MB, Compressed Oops mode: Zero based, Oop shift amount: 3

CDS archive(s) mapped at: [0x0000000000000000-0x0000000000000000-0x0000000000000000), size 0, SharedBaseAddress: 0x0000000800000000, ArchiveRelocationMode: 0.
Narrow klass base: 0x0000000000000000, Narrow klass shift: 0, Narrow klass range: 0x0

GC Precious Log:
 CardTable entry size: 512
 Card Set container configuration: InlinePtr #cards 4 size 8 Array Of Cards #cards 8 size 32 Howl #buckets 8 coarsen threshold 3686 Howl Bitmap #cards 512 size 80 coarsen threshold 460 Card regions per heap region 1 cards per card region 4096

Heap:
 garbage-first heap   total 0K, used 0K [0x0000000702800000, 0x0000000800000000)
  region size 2048K, 0 young (0K), 0 survivors (0K)

[error occurred during error reporting (printing heap information), id 0xc0000005, EXCEPTION_ACCESS_VIOLATION (0xc0000005) at pc=0x00007ff883606959]

GC Heap History (0 events):
No events

Dll operation events (1 events):
Event: 0.012 Loaded shared library C:\Program Files\Java\jdk-19\bin\java.dll

Deoptimization events (0 events):
No events

Classes loaded (0 events):
No events

Classes unloaded (0 events):
No events

Classes redefined (0 events):
No events

Internal exceptions (0 events):
No events

VM Operations (0 events):
No events

Events (0 events):
No events


Dynamic libraries:
0x00007ff7f7400000 - 0x00007ff7f7410000 	C:\Program Files\Java\jdk-19\bin\java.exe
0x00007ff8f5010000 - 0x00007ff8f5208000 	C:\Windows\SYSTEM32\ntdll.dll
0x00007ff8f3c20000 - 0x00007ff8f3cdd000 	C:\Windows\System32\KERNEL32.DLL
0x00007ff8f2da0000 - 0x00007ff8f306e000 	C:\Windows\System32\KERNELBASE.dll
0x00007ff8f2c70000 - 0x00007ff8f2d70000 	C:\Windows\System32\ucrtbase.dll
0x00007ff8df5e0000 - 0x00007ff8df5f8000 	C:\Program Files\Java\jdk-19\bin\jli.dll
0x00007ff8df5c0000 - 0x00007ff8df5db000 	C:\Program Files\Java\jdk-19\bin\VCRUNTIME140.dll
0x00007ff8f3070000 - 0x00007ff8f311e000 	C:\Windows\System32\ADVAPI32.dll
0x00007ff8f3e70000 - 0x00007ff8f3f0e000 	C:\Windows\System32\msvcrt.dll
0x00007ff8f3a80000 - 0x00007ff8f3b1c000 	C:\Windows\System32\sechost.dll
0x00007ff8f3f20000 - 0x00007ff8f4045000 	C:\Windows\System32\RPCRT4.dll
0x00007ff8f4050000 - 0x00007ff8f41f0000 	C:\Windows\System32\USER32.dll
0x00007ff8f2d70000 - 0x00007ff8f2d92000 	C:\Windows\System32\win32u.dll
0x00007ff8d8c90000 - 0x00007ff8d8f2a000 	C:\Windows\WinSxS\amd64_microsoft.windows.common-controls_6595b64144ccf1df_6.0.19041.1110_none_60b5254171f9507e\COMCTL32.dll
0x00007ff8f3a50000 - 0x00007ff8f3a7a000 	C:\Windows\System32\GDI32.dll
0x00007ff8f2760000 - 0x00007ff8f286b000 	C:\Windows\System32\gdi32full.dll
0x00007ff8f2b40000 - 0x00007ff8f2bdd000 	C:\Windows\System32\msvcp_win.dll
0x00007ff8ebcd0000 - 0x00007ff8ebcda000 	C:\Windows\SYSTEM32\VERSION.dll
0x00007ff8f3a20000 - 0x00007ff8f3a50000 	C:\Windows\System32\IMM32.DLL
0x00007ff8e0520000 - 0x00007ff8e052c000 	C:\Program Files\Java\jdk-19\bin\vcruntime140_1.dll
0x00007ff8de150000 - 0x00007ff8de1de000 	C:\Program Files\Java\jdk-19\bin\msvcp140.dll
0x00007ff882ec0000 - 0x00007ff883b80000 	C:\Program Files\Java\jdk-19\bin\server\jvm.dll
0x00007ff8ddee0000 - 0x00007ff8ddf07000 	C:\Windows\SYSTEM32\WINMM.dll
0x00007ff8efea0000 - 0x00007ff8efea9000 	C:\Windows\SYSTEM32\WSOCK32.dll
0x00007ff8f49f0000 - 0x00007ff8f4a5b000 	C:\Windows\System32\WS2_32.dll
0x00007ff8f0620000 - 0x00007ff8f0632000 	C:\Windows\SYSTEM32\kernel.appcore.dll
0x00007ff8e0350000 - 0x00007ff8e035a000 	C:\Program Files\Java\jdk-19\bin\jimage.dll
0x00007ff8dd5a0000 - 0x00007ff8dd784000 	C:\Windows\SYSTEM32\DBGHELP.DLL
0x00007ff8d4b60000 - 0x00007ff8d4b8c000 	C:\Windows\SYSTEM32\dbgcore.DLL
0x00007ff8f2be0000 - 0x00007ff8f2c62000 	C:\Windows\System32\bcryptPrimitives.dll
0x00007ff8df930000 - 0x00007ff8df93e000 	C:\Program Files\Java\jdk-19\bin\instrument.dll
0x00007ff8de560000 - 0x00007ff8de586000 	C:\Program Files\Java\jdk-19\bin\java.dll

dbghelp: loaded successfully - version: 4.0.5 - missing functions: none
symbol engine: initialized successfully - sym options: 0x614 - pdb path: .;C:\Program Files\Java\jdk-19\bin;C:\Windows\SYSTEM32;C:\Windows\WinSxS\amd64_microsoft.windows.common-controls_6595b64144ccf1df_6.0.19041.1110_none_60b5254171f9507e;C:\Program Files\Java\jdk-19\bin\server

VM Arguments:
jvm_args: -javaagent:C:\Program Files\JetBrains\IntelliJ IDEA Community Edition 2022.2.2\lib\idea_rt.jar=55570:C:\Program Files\JetBrains\IntelliJ IDEA Community Edition 2022.2.2\bin -Dfile.encoding=UTF-8 -Dsun.stdout.encoding=UTF-8 -Dsun.stderr.encoding=UTF-8 
java_command: Main
java_class_path (initial): C:\Users\90545\Desktop\untitled\out\production\untitled
Launcher Type: SUN_STANDARD

[Global flags]
     intx CICompilerCount                          = 4                                         {product} {ergonomic}
     uint ConcGCThreads                            = 3                                         {product} {ergonomic}
     uint G1ConcRefinementThreads                  = 10                                        {product} {ergonomic}
   size_t G1HeapRegionSize                         = 2097152                                   {product} {ergonomic}
    uintx GCDrainStackTargetSize                   = 64                                        {product} {ergonomic}
   size_t InitialHeapSize                          = 266338304                                 {product} {ergonomic}
   size_t MarkStackSize                            = 4194304                                   {product} {ergonomic}
   size_t MaxHeapSize                              = 4253024256                                {product} {ergonomic}
   size_t MinHeapDeltaBytes                        = 2097152                                   {product} {ergonomic}
   size_t MinHeapSize                              = 8388608                                   {product} {ergonomic}
    uintx NonNMethodCodeHeapSize                   = 5839372                                {pd product} {ergonomic}
    uintx NonProfiledCodeHeapSize                  = 122909434                              {pd product} {ergonomic}
    uintx ProfiledCodeHeapSize                     = 122909434                              {pd product} {ergonomic}
    uintx ReservedCodeCacheSize                    = 251658240                              {pd product} {ergonomic}
     bool SegmentedCodeCache                       = true                                      {product} {ergonomic}
   size_t SoftMaxHeapSize                          = 4253024256                             {manageable} {ergonomic}
     bool UseCompressedClassPointers               = true                           {product lp64_product} {ergonomic}
     bool UseCompressedOops                        = true                           {product lp64_product} {ergonomic}
     bool UseG1GC                                  = true                                      {product} {ergonomic}
     bool UseLargePagesIndividualAllocation        = false                                  {pd product} {ergonomic}

Logging:
Log output configuration:
 #0: stdout all=warning uptime,level,tags foldmultilines=false
 #1: stderr all=off uptime,level,tags foldmultilines=false

Environment Variables:
PATH=C:\Program Files\Common Files\Oracle\Java\javapath;C:\Program Files (x86)\Common Files\Oracle\Java\javapath;C:\ProgramData\Oracle\Java\javapath;C:\Windows\system32;C:\Windows;C:\Windows\System32\Wbem;C:\Windows\System32\WindowsPowerShell\v1.0\;C:\Windows\System32\OpenSSH\;C:\Program Files (x86)\NVIDIA Corporation\PhysX\Common;C:\Program Files\NVIDIA Corporation\NVIDIA NvDLISR;C:\Program Files\dotnet\;C:\Program Files\Git\cmd;C:\Program Files\nodejs\;C:\ProgramData\chocolatey\bin;C:\Program Files\Microsoft SQL Server\150\Tools\Binn\;C:\Program Files\Microsoft SQL Server\Client SDK\ODBC\170\Tools\Binn\;C:\Program Files\MySQL\MySQL Shell 8.0\bin\;C:\Users\90545\anaconda3;C:\Users\90545\anaconda3\Library\mingw-w64\bin;C:\Users\90545\anaconda3\Library\usr\bin;C:\Users\90545\anaconda3\Library\bin;C:\Users\90545\anaconda3\Scripts;C:\Users\90545\AppData\Local\Programs\Python\Python310\Scripts\;C:\Users\90545\AppData\Local\Programs\Python\Python310\;C:\Users\90545\AppData\Local\Microsoft\WindowsApps;C:\Users\90545\.dotnet\tools;C:\Users\90545\AppData\Local\Programs\Microsoft VS Code\bin;C:\Users\90545\AppData\Roaming\npm;C:\Program Files\JetBrains\IntelliJ IDEA Community Edition 2022.2.2\bin;
USERNAME=90545
OS=Windows_NT
PROCESSOR_IDENTIFIER=Intel64 Family 6 Model 165 Stepping 2, GenuineIntel
TMP=C:\Users\90545\AppData\Local\Temp
TEMP=C:\Users\90545\AppData\Local\Temp



---------------  S Y S T E M  ---------------

OS:
 Windows 10 , 64 bit Build 19041 (10.0.19041.1889)
OS uptime: 1 days 12:44 hours

CPU: total 12 (initial active 12) (6 cores per cpu, 2 threads per core) family 6 model 165 stepping 2 microcode 0xc6, cx8, cmov, fxsr, ht, mmx, 3dnowpref, sse, sse2, sse3, ssse3, sse4.1, sse4.2, popcnt, lzcnt, tsc, tscinvbit, avx, avx2, aes, erms, clmul, bmi1, bmi2, adx, fma, vzeroupper, clflush, clflushopt, rdtscp

Memory: 4k page, system-wide physical 16221M (212M free)
TotalPageFile size 65373M (AvailPageFile size 14M)
current process WorkingSet (physical memory assigned to process): 11M, peak: 11M
current process commit charge ("private bytes"): 64M, peak: 318M

vm_info: Java HotSpot(TM) 64-Bit Server VM (19+36-2238) for windows-amd64 JRE (19+36-2238), built on 2022-08-12T20:29:01Z by "mach5one" with MS VC++ 17.1 (VS2022)

END.
